#
# There is insufficient memory for the Java Runtime Environment to continue.
# Native memory allocation (mmap) failed to map 100663296 bytes for G1 virtual space
# Possible reasons:
#   The system is out of physical RAM or swap space
#   The process is running with CompressedOops enabled, and the Java Heap may be blocking the growth of the native heap
# Possible solutions:
#   Reduce memory load on the system
#   Increase physical memory or swap space
#   Check if swap backing store is full
#   Decrease Java heap size (-Xmx/-Xms)
#   Decrease number of Java threads
#   Decrease Java thread stack sizes (-Xss)
#   Set larger code cache with -XX:ReservedCodeCacheSize=
#   JVM is running with Unscaled Compressed Oops mode in which the Java heap is
#     placed in the first 4GB address space. The Java Heap base address is the
#     maximum limit for the native heap growth. Please use -XX:HeapBaseMinAddress
#     to set the Java Heap base and to place the Java Heap above 4GB virtual address.
# This output file may be truncated or incomplete.
#
#  Out of Memory Error (os_windows.cpp:3771), pid=8728, tid=7452
#
# JRE version:  (17.0.7) (build )
# Java VM: OpenJDK 64-Bit Server VM (17.0.7+0-b2043.56-10550314, mixed mode, sharing, tiered, compressed oops, compressed class ptrs, g1 gc, windows-amd64)
# No core dump will be written. Minidumps are not enabled by default on client versions of Windows
#

---------------  S U M M A R Y ------------

Command Line: git4idea.http.GitAskPassApp Username for 'https://github.com': 

Host: AMD Ryzen 3 3250U with Radeon Graphics         , 4 cores, 5G,  Windows 11 , 64 bit Build 22621 (10.0.22621.2506)
Time: Thu Jan 25 16:54:17 2024 Malay Peninsula Standard Time elapsed time: 0.023563 seconds (0d 0h 0m 0s)

---------------  T H R E A D  ---------------

Current thread (0x0000023023240e10):  JavaThread "Unknown thread" [_thread_in_vm, id=7452, stack(0x0000008801600000,0x0000008801700000)]

Stack: [0x0000008801600000,0x0000008801700000]
Native frames: (J=compiled Java code, j=interpreted, Vv=VM code, C=native code)
V  [jvm.dll+0x683bfa]
V  [jvm.dll+0x8430a4]
V  [jvm.dll+0x8449be]
V  [jvm.dll+0x845023]
V  [jvm.dll+0x24ad2f]
V  [jvm.dll+0x680ac9]
V  [jvm.dll+0x67519a]
V  [jvm.dll+0x30b3cb]
V  [jvm.dll+0x312876]
V  [jvm.dll+0x36221e]
V  [jvm.dll+0x36244f]
V  [jvm.dll+0x2e14a8]
V  [jvm.dll+0x2e2414]
V  [jvm.dll+0x814391]
V  [jvm.dll+0x36ffe1]
V  [jvm.dll+0x7f396c]
V  [jvm.dll+0x3f305f]
V  [jvm.dll+0x3f4b91]
C  [jli.dll+0x528f]
C  [ucrtbase.dll+0x29363]
C  [KERNEL32.DLL+0x1257d]
C  [ntdll.dll+0x5aa58]


---------------  P R O C E S S  ---------------

Threads class SMR info:
_java_thread_list=0x00007ff9f458d098, length=0, elements={
}

Java Threads: ( => current thread )

Other Threads:
  0x000002302328cb50 GCTaskThread "GC Thread#0" [stack: 0x0000008801700000,0x0000008801800000] [id=2460]
  0x0000023023299910 ConcurrentGCThread "G1 Main Marker" [stack: 0x0000008801800000,0x0000008801900000] [id=19840]
  0x000002302329aac0 ConcurrentGCThread "G1 Conc#0" [stack: 0x0000008801900000,0x0000008801a00000] [id=23076]

[error occurred during error reporting (printing all threads), id 0xc0000005, EXCEPTION_ACCESS_VIOLATION (0xc0000005) at pc=0x00007ff9f3d42087]

VM state: not at safepoint (not fully initialized)

VM Mutex/Monitor currently owned by a thread:  ([mutex/lock_event])
[0x000002302323cca0] Heap_lock - owner thread: 0x0000023023240e10

Heap address: 0x00000000a0c00000, size: 1524 MB, Compressed Oops mode: 32-bit

CDS archive(s) mapped at: [0x0000000000000000-0x0000000000000000-0x0000000000000000), size 0, SharedBaseAddress: 0x0000000800000000, ArchiveRelocationMode: 0.
Narrow klass base: 0x0000000000000000, Narrow klass shift: 0, Narrow klass range: 0x0

GC Precious Log:
<Empty>

Heap:
 garbage-first heap   total 0K, used 0K [0x00000000a0c00000, 0x0000000100000000)
  region size 1024K, 0 young (0K), 0 survivors (0K)
 Metaspace       used 0K, committed 0K, reserved 0K
  class space    used 0K, committed 0K, reserved 0K

Heap Regions: E=young(eden), S=young(survivor), O=old, HS=humongous(starts), HC=humongous(continues), CS=collection set, F=free, OA=open archive, CA=closed archive, TAMS=top-at-mark-start (previous, next)

Card table byte_map: [0x0000023035a10000,0x0000023035d10000] _byte_map_base: 0x000002303550a000

Marking Bits (Prev, Next): (CMBitMap*) 0x000002302328d160, (CMBitMap*) 0x000002302328d1a0
 Prev Bits: [0x0000023036010000, 0x00000230377e0000)
 Next Bits: [0x00000230377e0000, 0x0000023038fb0000)

GC Heap History (0 events):
No events

Dll operation events (1 events):
Event: 0.016 Loaded shared library C:\Program Files\Android\Android Studio3\jbr\bin\java.dll

Deoptimization events (0 events):
No events

Classes unloaded (0 events):
No events

Classes redefined (0 events):
No events

Internal exceptions (0 events):
No events

VM Operations (0 events):
No events

Events (0 events):
No events


Dynamic libraries:
0x00007ff64c970000 - 0x00007ff64c97a000 	C:\Program Files\Android\Android Studio3\jbr\bin\java.exe
0x00007ffa77dd0000 - 0x00007ffa77fe7000 	C:\WINDOWS\SYSTEM32\ntdll.dll
0x00007ffa760c0000 - 0x00007ffa76184000 	C:\WINDOWS\System32\KERNEL32.DLL
0x00007ffa756b0000 - 0x00007ffa75a56000 	C:\WINDOWS\System32\KERNELBASE.dll
0x00007ffa754f0000 - 0x00007ffa75601000 	C:\WINDOWS\System32\ucrtbase.dll
0x00007ffa70440000 - 0x00007ffa7045b000 	C:\Program Files\Android\Android Studio3\jbr\bin\VCRUNTIME140.dll
0x00007ffa1e5e0000 - 0x00007ffa1e5f7000 	C:\Program Files\Android\Android Studio3\jbr\bin\jli.dll
0x00007ffa77670000 - 0x00007ffa7781e000 	C:\WINDOWS\System32\USER32.dll
0x00007ffa75230000 - 0x00007ffa75256000 	C:\WINDOWS\System32\win32u.dll
0x00007ffa64440000 - 0x00007ffa646d3000 	C:\WINDOWS\WinSxS\amd64_microsoft.windows.common-controls_6595b64144ccf1df_6.0.22621.2506_none_270c5ae97388e100\COMCTL32.dll
0x00007ffa75c70000 - 0x00007ffa75d17000 	C:\WINDOWS\System32\msvcrt.dll
0x00007ffa75c40000 - 0x00007ffa75c69000 	C:\WINDOWS\System32\GDI32.dll
0x00007ffa75110000 - 0x00007ffa75228000 	C:\WINDOWS\System32\gdi32full.dll
0x00007ffa752e0000 - 0x00007ffa7537a000 	C:\WINDOWS\System32\msvcp_win.dll
0x00007ffa75c00000 - 0x00007ffa75c31000 	C:\WINDOWS\System32\IMM32.DLL
0x00007ffa70480000 - 0x00007ffa7048c000 	C:\Program Files\Android\Android Studio3\jbr\bin\vcruntime140_1.dll
0x00007ffa58ca0000 - 0x00007ffa58d2d000 	C:\Program Files\Android\Android Studio3\jbr\bin\msvcp140.dll
0x00007ff9f3a50000 - 0x00007ff9f46d0000 	C:\Program Files\Android\Android Studio3\jbr\bin\server\jvm.dll
0x00007ffa75fb0000 - 0x00007ffa76063000 	C:\WINDOWS\System32\ADVAPI32.dll
0x00007ffa75b30000 - 0x00007ffa75bd8000 	C:\WINDOWS\System32\sechost.dll
0x00007ffa75610000 - 0x00007ffa75638000 	C:\WINDOWS\System32\bcrypt.dll
0x00007ffa76410000 - 0x00007ffa76527000 	C:\WINDOWS\System32\RPCRT4.dll
0x00007ffa6c0e0000 - 0x00007ffa6c114000 	C:\WINDOWS\SYSTEM32\WINMM.dll
0x00007ffa5bb20000 - 0x00007ffa5bb29000 	C:\WINDOWS\SYSTEM32\WSOCK32.dll
0x00007ffa6f4b0000 - 0x00007ffa6f4ba000 	C:\WINDOWS\SYSTEM32\VERSION.dll
0x00007ffa75f30000 - 0x00007ffa75fa1000 	C:\WINDOWS\System32\WS2_32.dll
0x00007ffa74120000 - 0x00007ffa74138000 	C:\WINDOWS\SYSTEM32\kernel.appcore.dll
0x00007ffa63440000 - 0x00007ffa6344a000 	C:\Program Files\Android\Android Studio3\jbr\bin\jimage.dll
0x00007ffa68430000 - 0x00007ffa68663000 	C:\WINDOWS\SYSTEM32\DBGHELP.DLL
0x00007ffa76640000 - 0x00007ffa769c9000 	C:\WINDOWS\System32\combase.dll
0x00007ffa76330000 - 0x00007ffa76407000 	C:\WINDOWS\System32\OLEAUT32.dll
0x00007ffa60d00000 - 0x00007ffa60d32000 	C:\WINDOWS\SYSTEM32\dbgcore.DLL
0x00007ffa75260000 - 0x00007ffa752da000 	C:\WINDOWS\System32\bcryptPrimitives.dll
0x00007ffa3c3a0000 - 0x00007ffa3c3c5000 	C:\Program Files\Android\Android Studio3\jbr\bin\java.dll

dbghelp: loaded successfully - version: 4.0.5 - missing functions: none
symbol engine: initialized successfully - sym options: 0x614 - pdb path: .;C:\Program Files\Android\Android Studio3\jbr\bin;C:\WINDOWS\SYSTEM32;C:\WINDOWS\WinSxS\amd64_microsoft.windows.common-controls_6595b64144ccf1df_6.0.22621.2506_none_270c5ae97388e100;C:\Program Files\Android\Android Studio3\jbr\bin\server

VM Arguments:
java_command: git4idea.http.GitAskPassApp Username for 'https://github.com': 
java_class_path (initial): C:/Program Files/Android/Android Studio3/plugins/vcs-git/lib/git4idea-rt.jar;C:/Program Files/Android/Android Studio3/lib/externalProcess-rt.jar
Launcher Type: SUN_STANDARD

[Global flags]
     intx CICompilerCount                          = 3                                         {product} {ergonomic}
     uint ConcGCThreads                            = 1                                         {product} {ergonomic}
     uint G1ConcRefinementThreads                  = 4                                         {product} {ergonomic}
   size_t G1HeapRegionSize                         = 1048576                                   {product} {ergonomic}
    uintx GCDrainStackTargetSize                   = 64                                        {product} {ergonomic}
   size_t InitialHeapSize                          = 100663296                                 {product} {ergonomic}
   size_t MarkStackSize                            = 4194304                                   {product} {ergonomic}
   size_t MaxHeapSize                              = 1598029824                                {product} {ergonomic}
   size_t MinHeapDeltaBytes                        = 1048576                                   {product} {ergonomic}
   size_t MinHeapSize                              = 8388608                                   {product} {ergonomic}
    uintx NonNMethodCodeHeapSize                   = 5832780                                {pd product} {ergonomic}
    uintx NonProfiledCodeHeapSize                  = 122912730                              {pd product} {ergonomic}
    uintx ProfiledCodeHeapSize                     = 122912730                              {pd product} {ergonomic}
    uintx ReservedCodeCacheSize                    = 251658240                              {pd product} {ergonomic}
     bool SegmentedCodeCache                       = true                                      {product} {ergonomic}
   size_t SoftMaxHeapSize                          = 1598029824                             {manageable} {ergonomic}
     bool UseCompressedClassPointers               = true                           {product lp64_product} {ergonomic}
     bool UseCompressedOops                        = true                           {product lp64_product} {ergonomic}
     bool UseG1GC                                  = true                                      {product} {ergonomic}
     bool UseLargePagesIndividualAllocation        = false                                  {pd product} {ergonomic}

Logging:
Log output configuration:
 #0: stdout all=warning uptime,level,tags
 #1: stderr all=off uptime,level,tags

Environment Variables:
PATH=C:\Program Files\Git\mingw64\libexec\git-core;C:\Program Files\Git\mingw64\libexec\git-core;C:\Program Files\Git\mingw64\bin;C:\Program Files\Git\usr\bin;C:\Users\User\bin;C:\Program Files\Python312\Scripts;C:\Program Files\Python312;C:\Program Files\Common Files\Oracle\Java\javapath;C:\Program Files (x86)\Common Files\Oracle\Java\javapath;C:\MPI\Bin;C:\Users\User\Desktop;C:\oraclexe\app\oracle\product\11.2.0\server\bin;C:\WINDOWS\system32;C:\WINDOWS;C:\WINDOWS\System32\Wbem;C:\WINDOWS\System32\WindowsPowerShell\v1.0;C:\WINDOWS\System32\OpenSSH;C:\Program Files\Git\cmd;C:\Program Files\Docker\Docker\resources\bin;C:\Users\User\AppData\Local\Microsoft\WindowsApps;C:\Users\User\Documents\Microsoft VS Code\bin;C:\ffmpeg;C:\msys64\ucrt64\bin;C:\Program Files\Java\jdk-21\bin
USERNAME=User
DISPLAY=:0.0
LC_ALL=en_US.UTF-8
TERM=cygwin
TMPDIR=C:\Users\User\AppData\Local\Temp
OS=Windows_NT
PROCESSOR_IDENTIFIER=AMD64 Family 23 Model 24 Stepping 1, AuthenticAMD
TMP=C:\Users\User\AppData\Local\Temp
TEMP=C:\Users\User\AppData\Local\Temp


JNI global refs:
JNI global refs: 0, weak refs: 0

JNI global refs memory usage: 0, weak refs: 0

OOME stack traces (most recent first):
Classloader memory used:


---------------  S Y S T E M  ---------------

OS:
 Windows 11 , 64 bit Build 22621 (10.0.22621.2506)
OS uptime: 13 days 4:57 hours
Hyper-V role detected

CPU: total 4 (initial active 4) (4 cores per cpu, 2 threads per core) family 23 model 24 stepping 1 microcode 0x0, cx8, cmov, fxsr, ht, mmx, 3dnowpref, sse, sse2, sse3, ssse3, sse4a, sse4.1, sse4.2, popcnt, lzcnt, tsc, tscinvbit, avx, avx2, aes, clmul, bmi1, bmi2, adx, sha, fma, vzeroupper, clflush, clflushopt, hv

Memory: 4k page, system-wide physical 6094M (528M free)
TotalPageFile size 24526M (AvailPageFile size 65M)
current process WorkingSet (physical memory assigned to process): 11M, peak: 11M
current process commit charge ("private bytes"): 51M, peak: 147M

vm_info: OpenJDK 64-Bit Server VM (17.0.7+0-b2043.56-10550314) for windows-amd64 JRE (17.0.7+0-b2043.56-10550314), built on Jul 24 2023 18:27:45 by "androidbuild" with MS VC++ 16.10 / 16.11 (VS2019)

END.
